<html>
<body>
<pre>
<h1>µVision Build Log</h1>
<h2>Project:</h2>
C:\Users\Ahmed\Desktop\Embedded Systems - Shape The World Microcontroller InputOutput\UT.6.20x Embedded Systems - Shape The World\Keil\Labware\Lab14_MeasurementOfDistance\Lab14.uvproj
Project File Date:  04/08/2014

<h2>Output:</h2>
Build target 'Lab14'
linking...
Program Size: Code=7088 RO-data=7088 RW-data=124 ZI-data=1764  
".\Lab14.axf" - 0 Error(s), 0 Warning(s).
Load "C:\\Users\\Ahmed\\Desktop\\Embedded Systems - Shape The World Microcontroller InputOutput\\UT.6.20x Embedded Systems - Shape The World\\Keil\\Labware\\Lab14_MeasurementOfDistance\\Lab14.axf" 
Connecting: Mode=JTAG, Speed=1000000Hz
Erase Done.
Programming Done.
Verify OK.
</pre>
</body>
</html>
Verify OK.
ecated declaration EnableInterrupts - give arg types
        EnableInterrupts();
MeasurementOfDistance.c(208): warning:  #77-D: this declaration has no storage class or type specifier
        EnableInterrupts();
MeasurementOfDistance.c(208): error:  #147: declaration is incompatible with "void EnableInterrupts(void)" (declared at line 37)
        EnableInterrupts();
MeasurementOfDistance.c(210): error:  #77-D: this declaration has no storage class or type specifier
        Flag =0;
MeasurementOfDistance.c(210): error:  #147: declaration is incompatible with "unsigned long Flag" (declared at line 42)
        Flag =0;
MeasurementOfDistance.c(211): error:  #169: expected a declaration
    while(1){ 
MeasurementOfDistance.c(221): warning: At end of source:  #12-D: parsing restarts here after previous syntax error
MeasurementOfDistance.c: 4 warnings, 6 errors
".\Lab14.axf" - 6 Error(s), 4 Warning(s).
Target not created
